<?xml version="1.0" encoding="UTF-8"?>
<!-- Generated by org.testng.reporters.JUnitXMLReporter -->
<testsuite ignored="0" hostname="KIMBALL-QA14" failures="1" tests="1" name="Validating Tasks tab" time="185.074" errors="0" timestamp="2021-01-01T23:06:51 IST">
  <testcase classname="kimball.Tasks" name="CreateTasks" time="174.458">
    <failure type="java.lang.IndexOutOfBoundsException" message="Index 0 out of bounds for length 0">
      <![CDATA[java.lang.IndexOutOfBoundsException: Index 0 out of bounds for length 0
at java.base/jdk.internal.util.Preconditions.outOfBounds(Preconditions.java:64)
at java.base/jdk.internal.util.Preconditions.outOfBoundsCheckIndex(Preconditions.java:70)
at java.base/jdk.internal.util.Preconditions.checkIndex(Preconditions.java:248)
at java.base/java.util.Objects.checkIndex(Objects.java:373)
at java.base/java.util.ArrayList.get(ArrayList.java:427)
at kimball.UnityLogin.basePageNavigation(UnityLogin.java:52)
at kimball.Tasks.CreateTasks(Tasks.java:42)
at java.base/java.util.ArrayList.forEach(ArrayList.java:1511)
at java.base/java.util.concurrent.FutureTask.run(FutureTask.java:264)
at java.base/java.util.concurrent.ThreadPoolExecutor.runWorker(ThreadPoolExecutor.java:1130)
at java.base/java.util.concurrent.ThreadPoolExecutor$Worker.run(ThreadPoolExecutor.java:630)
at java.base/java.lang.Thread.run(Thread.java:832)
... Removed 18 stack frames]]>
    </failure>
  </testcase> <!-- CreateTasks -->
</testsuite> <!-- Validating Tasks tab -->
